<?xml version="1.0" encoding="UTF-8"?>
<testng-results skipped="0" failed="2" ignored="0" total="3" passed="1">
  <reporter-output>
  </reporter-output>
  <suite name="Suite" duration-ms="7544" started-at="2019-01-05T07:26:40Z" finished-at="2019-01-05T07:26:47Z">
    <groups>
    </groups>
    <test name="Test" duration-ms="7544" started-at="2019-01-05T07:26:40Z" finished-at="2019-01-05T07:26:47Z">
      <class name="com.bitnei.apitest.testcases.getVehCountPerMonitorPlatform">
        <test-method status="PASS" signature="setUp()[pri:0, instance:com.bitnei.apitest.testcases.getVehCountPerMonitorPlatform@2ac273d3]" name="setUp" is-config="true" duration-ms="147" started-at="2019-01-05T07:26:42Z" finished-at="2019-01-05T07:26:42Z">
          <reporter-output>
          </reporter-output>
        </test-method> <!-- setUp -->
        <test-method status="FAIL" signature="getVehCountPerMonitorPlatformStatus(java.lang.String)[pri:1, instance:com.bitnei.apitest.testcases.getVehCountPerMonitorPlatform@2ac273d3]" name="getVehCountPerMonitorPlatformStatus" duration-ms="2436" started-at="2019-01-05T07:26:42Z" description="获取实时车辆信息" data-provider="dataprovider2" finished-at="2019-01-05T07:26:45Z">
          <params>
            <param index="0">
              <value>
                <![CDATA[{"status":200,"errorMsg":null,"data":[{"id":1,"monitorPlatform":"智云平台","num":19},{"id":2,"monitorPlatform":"英泰斯特","num":14}],"error":false}]]>
              </value>
            </param>
          </params>
          <exception class="java.lang.AssertionError">
            <message>
              <![CDATA[expected [{}] but found [{"num":{"currentValue is ":274419,"expectedValue is":19}}]]]>
            </message>
            <full-stacktrace>
              <![CDATA[java.lang.AssertionError: expected [{}] but found [{"num":{"currentValue is ":274419,"expectedValue is":19}}]
at org.testng.Assert.fail(Assert.java:96)
at org.testng.Assert.failNotEquals(Assert.java:776)
at org.testng.Assert.assertEqualsImpl(Assert.java:137)
at org.testng.Assert.assertEquals(Assert.java:118)
at org.testng.Assert.assertEquals(Assert.java:453)
at org.testng.Assert.assertEquals(Assert.java:463)
at com.bitnei.apitest.testcases.getVehCountPerMonitorPlatform.getVehCountPerMonitorPlatformStatus(getVehCountPerMonitorPlatform.java:72)
at sun.reflect.NativeMethodAccessorImpl.invoke0(Native Method)
at sun.reflect.NativeMethodAccessorImpl.invoke(Unknown Source)
at sun.reflect.DelegatingMethodAccessorImpl.invoke(Unknown Source)
at java.lang.reflect.Method.invoke(Unknown Source)
at org.testng.internal.MethodInvocationHelper.invokeMethod(MethodInvocationHelper.java:124)
at org.testng.internal.Invoker.invokeMethod(Invoker.java:580)
at org.testng.internal.Invoker.invokeTestMethod(Invoker.java:716)
at org.testng.internal.Invoker.invokeTestMethods(Invoker.java:988)
at org.testng.internal.TestMethodWorker.invokeTestMethods(TestMethodWorker.java:125)
at org.testng.internal.TestMethodWorker.run(TestMethodWorker.java:109)
at org.testng.TestRunner.privateRun(TestRunner.java:648)
at org.testng.TestRunner.run(TestRunner.java:505)
at org.testng.SuiteRunner.runTest(SuiteRunner.java:455)
at org.testng.SuiteRunner.runSequentially(SuiteRunner.java:450)
at org.testng.SuiteRunner.privateRun(SuiteRunner.java:415)
at org.testng.SuiteRunner.run(SuiteRunner.java:364)
at org.testng.SuiteRunnerWorker.runSuite(SuiteRunnerWorker.java:52)
at org.testng.SuiteRunnerWorker.run(SuiteRunnerWorker.java:84)
at org.testng.TestNG.runSuitesSequentially(TestNG.java:1208)
at org.testng.TestNG.runSuitesLocally(TestNG.java:1137)
at org.testng.TestNG.runSuites(TestNG.java:1049)
at org.testng.TestNG.run(TestNG.java:1017)
at org.testng.remote.AbstractRemoteTestNG.run(AbstractRemoteTestNG.java:114)
at org.testng.remote.RemoteTestNG.initAndRun(RemoteTestNG.java:251)
at org.testng.remote.RemoteTestNG.main(RemoteTestNG.java:77)
]]>
            </full-stacktrace>
          </exception> <!-- java.lang.AssertionError -->
          <reporter-output>
          </reporter-output>
        </test-method> <!-- getVehCountPerMonitorPlatformStatus -->
      </class> <!-- com.bitnei.apitest.testcases.getVehCountPerMonitorPlatform -->
      <class name="com.bitnei.apitest.testcases.PostVehicles">
        <test-method status="PASS" signature="setUp()[pri:0, instance:com.bitnei.apitest.testcases.PostVehicles@71423665]" name="setUp" is-config="true" duration-ms="721" started-at="2019-01-05T07:26:40Z" finished-at="2019-01-05T07:26:40Z">
          <reporter-output>
          </reporter-output>
        </test-method> <!-- setUp -->
        <test-method status="PASS" signature="postVehiclesForStatus(java.lang.String)[pri:0, instance:com.bitnei.apitest.testcases.PostVehicles@71423665]" name="postVehiclesForStatus" duration-ms="1641" started-at="2019-01-05T07:26:40Z" description="获取车辆列表,判断返回200" data-provider="dataprovider1" finished-at="2019-01-05T07:26:42Z">
          <params>
            <param index="0">
              <value>
                <![CDATA[{"status":20,"errorMsg":null,"data":{"total":2,"list":[{"id":"21","vin":"LS4AAB3C0GG700008"}]},"error":true}]]>
              </value>
            </param>
          </params>
          <reporter-output>
          </reporter-output>
        </test-method> <!-- postVehiclesForStatus -->
        <test-method status="FAIL" signature="PostVehiclesByVin(java.lang.String)[pri:1, instance:com.bitnei.apitest.testcases.PostVehicles@71423665]" name="PostVehiclesByVin" duration-ms="2554" started-at="2019-01-05T07:26:45Z" description="获取车辆列表通VIN查询" data-provider="dataprovider1" finished-at="2019-01-05T07:26:47Z">
          <params>
            <param index="0">
              <value>
                <![CDATA[{"status":20,"errorMsg":null,"data":{"total":2,"list":[{"id":"21","vin":"LS4AAB3C0GG700008"}]},"error":true}]]>
              </value>
            </param>
          </params>
          <exception class="java.lang.AssertionError">
            <message>
              <![CDATA[expected [{}] but found [{"status":{"currentValue is ":200,"expectedValue is":20},"total":{"currentValue is ":0,"expectedValue is":2},"Length":{"actualLenth":0,"expectLenth":1},"error":{"currentValue is ":false,"expectedValue is":true}}]]]>
            </message>
            <full-stacktrace>
              <![CDATA[java.lang.AssertionError: expected [{}] but found [{"status":{"currentValue is ":200,"expectedValue is":20},"total":{"currentValue is ":0,"expectedValue is":2},"Length":{"actualLenth":0,"expectLenth":1},"error":{"currentValue is ":false,"expectedValue is":true}}]
at org.testng.Assert.fail(Assert.java:96)
at org.testng.Assert.failNotEquals(Assert.java:776)
at org.testng.Assert.assertEqualsImpl(Assert.java:137)
at org.testng.Assert.assertEquals(Assert.java:118)
at org.testng.Assert.assertEquals(Assert.java:453)
at org.testng.Assert.assertEquals(Assert.java:463)
at com.bitnei.apitest.testcases.PostVehicles.PostVehiclesByVin(PostVehicles.java:90)
at sun.reflect.NativeMethodAccessorImpl.invoke0(Native Method)
at sun.reflect.NativeMethodAccessorImpl.invoke(Unknown Source)
at sun.reflect.DelegatingMethodAccessorImpl.invoke(Unknown Source)
at java.lang.reflect.Method.invoke(Unknown Source)
at org.testng.internal.MethodInvocationHelper.invokeMethod(MethodInvocationHelper.java:124)
at org.testng.internal.Invoker.invokeMethod(Invoker.java:580)
at org.testng.internal.Invoker.invokeTestMethod(Invoker.java:716)
at org.testng.internal.Invoker.invokeTestMethods(Invoker.java:988)
at org.testng.internal.TestMethodWorker.invokeTestMethods(TestMethodWorker.java:125)
at org.testng.internal.TestMethodWorker.run(TestMethodWorker.java:109)
at org.testng.TestRunner.privateRun(TestRunner.java:648)
at org.testng.TestRunner.run(TestRunner.java:505)
at org.testng.SuiteRunner.runTest(SuiteRunner.java:455)
at org.testng.SuiteRunner.runSequentially(SuiteRunner.java:450)
at org.testng.SuiteRunner.privateRun(SuiteRunner.java:415)
at org.testng.SuiteRunner.run(SuiteRunner.java:364)
at org.testng.SuiteRunnerWorker.runSuite(SuiteRunnerWorker.java:52)
at org.testng.SuiteRunnerWorker.run(SuiteRunnerWorker.java:84)
at org.testng.TestNG.runSuitesSequentially(TestNG.java:1208)
at org.testng.TestNG.runSuitesLocally(TestNG.java:1137)
at org.testng.TestNG.runSuites(TestNG.java:1049)
at org.testng.TestNG.run(TestNG.java:1017)
at org.testng.remote.AbstractRemoteTestNG.run(AbstractRemoteTestNG.java:114)
at org.testng.remote.RemoteTestNG.initAndRun(RemoteTestNG.java:251)
at org.testng.remote.RemoteTestNG.main(RemoteTestNG.java:77)
]]>
            </full-stacktrace>
          </exception> <!-- java.lang.AssertionError -->
          <reporter-output>
          </reporter-output>
        </test-method> <!-- PostVehiclesByVin -->
      </class> <!-- com.bitnei.apitest.testcases.PostVehicles -->
    </test> <!-- Test -->
  </suite> <!-- Suite -->
</testng-results>
