<?xml version="1.0" encoding="UTF-8"?>
<!-- Generated by org.testng.reporters.JUnitReportReporter -->
<testsuite skipped="0" hostname="DESKTOP-Q37MKND" name="com.bitnei.apitest.testcases.saas.UserInforRgisterByExcel" tests="18" failures="15" timestamp="02 六月 2020 08:21:37 GMT" time="3.946" errors="0">
  <testcase name="UserInfoRgisterData" time="0.144" classname="com.bitnei.apitest.testcases.saas.UserInforRgisterByExcel">
    <failure type="java.lang.AssertionError" message="expected [{}] but found [{&quot;errorMsg&quot;:{&quot;actualKey&quot;:&quot;不存在此errorMsg&quot;,&quot;expectedKey&quot;:&quot;errorMsg&quot;},&quot;total&quot;:{&quot;currentValue is &quot;:0,&quot;expectedValue is&quot;:1},&quot;Length&quot;:{&quot;actualLenth&quot;:0,&quot;expectLenth&quot;:1},&quot;size&quot;:{&quot;currentValue is &quot;:0,&quot;expectedValue is&quot;:1},&quot;pages&quot;:{&quot;currentValue is &quot;:0,&quot;expectedValue is&quot;:1},&quot;navigateFirstPage&quot;:{&quot;currentValue is &quot;:0,&quot;expectedValue is&quot;:1},&quot;navigateLastPage&quot;:{&quot;currentValue is &quot;:0,&quot;expectedValue is&quot;:1}}]">
      <![CDATA[java.lang.AssertionError: expected [{}] but found [{"errorMsg":{"actualKey":"不存在此errorMsg","expectedKey":"errorMsg"},"total":{"currentValue is ":0,"expectedValue is":1},"Length":{"actualLenth":0,"expectLenth":1},"size":{"currentValue is ":0,"expectedValue is":1},"pages":{"currentValue is ":0,"expectedValue is":1},"navigateFirstPage":{"currentValue is ":0,"expectedValue is":1},"navigateLastPage":{"currentValue is ":0,"expectedValue is":1}}]
at org.testng.Assert.fail(Assert.java:96)
at org.testng.Assert.failNotEquals(Assert.java:776)
at org.testng.Assert.assertEqualsImpl(Assert.java:137)
at org.testng.Assert.assertEquals(Assert.java:118)
at org.testng.Assert.assertEquals(Assert.java:453)
at org.testng.Assert.assertEquals(Assert.java:463)
at com.bitnei.apitest.testcases.saas.UserInforRgisterByExcel.UserInfoRgisterData(UserInforRgisterByExcel.java:70)
at sun.reflect.NativeMethodAccessorImpl.invoke0(Native Method)
at sun.reflect.NativeMethodAccessorImpl.invoke(NativeMethodAccessorImpl.java:62)
at sun.reflect.DelegatingMethodAccessorImpl.invoke(DelegatingMethodAccessorImpl.java:43)
at java.lang.reflect.Method.invoke(Method.java:498)
at org.testng.internal.MethodInvocationHelper.invokeMethod(MethodInvocationHelper.java:124)
at org.testng.internal.Invoker.invokeMethod(Invoker.java:580)
at org.testng.internal.Invoker.invokeTestMethod(Invoker.java:716)
at org.testng.internal.Invoker.invokeTestMethods(Invoker.java:988)
at org.testng.internal.TestMethodWorker.invokeTestMethods(TestMethodWorker.java:125)
at org.testng.internal.TestMethodWorker.run(TestMethodWorker.java:109)
at java.util.concurrent.ThreadPoolExecutor.runWorker(ThreadPoolExecutor.java:1149)
at java.util.concurrent.ThreadPoolExecutor$Worker.run(ThreadPoolExecutor.java:624)
at java.lang.Thread.run(Thread.java:748)
]]>
    </failure>
  </testcase> <!-- UserInfoRgisterData -->
  <testcase name="UserInfoRgisterData" time="0.127" classname="com.bitnei.apitest.testcases.saas.UserInforRgisterByExcel">
    <failure type="java.lang.AssertionError" message="expected [{}] but found [{&quot;Length&quot;:{&quot;actualLenth&quot;:0,&quot;expectLenth&quot;:20}}]">
      <![CDATA[java.lang.AssertionError: expected [{}] but found [{"Length":{"actualLenth":0,"expectLenth":20}}]
at org.testng.Assert.fail(Assert.java:96)
at org.testng.Assert.failNotEquals(Assert.java:776)
at org.testng.Assert.assertEqualsImpl(Assert.java:137)
at org.testng.Assert.assertEquals(Assert.java:118)
at org.testng.Assert.assertEquals(Assert.java:453)
at org.testng.Assert.assertEquals(Assert.java:463)
at com.bitnei.apitest.testcases.saas.UserInforRgisterByExcel.UserInfoRgisterData(UserInforRgisterByExcel.java:70)
at sun.reflect.NativeMethodAccessorImpl.invoke0(Native Method)
at sun.reflect.NativeMethodAccessorImpl.invoke(NativeMethodAccessorImpl.java:62)
at sun.reflect.DelegatingMethodAccessorImpl.invoke(DelegatingMethodAccessorImpl.java:43)
at java.lang.reflect.Method.invoke(Method.java:498)
at org.testng.internal.MethodInvocationHelper.invokeMethod(MethodInvocationHelper.java:124)
at org.testng.internal.Invoker.invokeMethod(Invoker.java:580)
at org.testng.internal.Invoker.invokeTestMethod(Invoker.java:716)
at org.testng.internal.Invoker.invokeTestMethods(Invoker.java:988)
at org.testng.internal.TestMethodWorker.invokeTestMethods(TestMethodWorker.java:125)
at org.testng.internal.TestMethodWorker.run(TestMethodWorker.java:109)
at java.util.concurrent.ThreadPoolExecutor.runWorker(ThreadPoolExecutor.java:1149)
at java.util.concurrent.ThreadPoolExecutor$Worker.run(ThreadPoolExecutor.java:624)
at java.lang.Thread.run(Thread.java:748)
]]>
    </failure>
  </testcase> <!-- UserInfoRgisterData -->
  <testcase name="UserInfoRgisterData" time="0.489" classname="com.bitnei.apitest.testcases.saas.UserInforRgisterByExcel">
    <failure type="java.lang.AssertionError" message="expected [{}] but found [{&quot;Length&quot;:{&quot;actualLenth&quot;:0,&quot;expectLenth&quot;:1}}]">
      <![CDATA[java.lang.AssertionError: expected [{}] but found [{"Length":{"actualLenth":0,"expectLenth":1}}]
at org.testng.Assert.fail(Assert.java:96)
at org.testng.Assert.failNotEquals(Assert.java:776)
at org.testng.Assert.assertEqualsImpl(Assert.java:137)
at org.testng.Assert.assertEquals(Assert.java:118)
at org.testng.Assert.assertEquals(Assert.java:453)
at org.testng.Assert.assertEquals(Assert.java:463)
at com.bitnei.apitest.testcases.saas.UserInforRgisterByExcel.UserInfoRgisterData(UserInforRgisterByExcel.java:70)
at sun.reflect.NativeMethodAccessorImpl.invoke0(Native Method)
at sun.reflect.NativeMethodAccessorImpl.invoke(NativeMethodAccessorImpl.java:62)
at sun.reflect.DelegatingMethodAccessorImpl.invoke(DelegatingMethodAccessorImpl.java:43)
at java.lang.reflect.Method.invoke(Method.java:498)
at org.testng.internal.MethodInvocationHelper.invokeMethod(MethodInvocationHelper.java:124)
at org.testng.internal.Invoker.invokeMethod(Invoker.java:580)
at org.testng.internal.Invoker.invokeTestMethod(Invoker.java:716)
at org.testng.internal.Invoker.invokeTestMethods(Invoker.java:988)
at org.testng.internal.TestMethodWorker.invokeTestMethods(TestMethodWorker.java:125)
at org.testng.internal.TestMethodWorker.run(TestMethodWorker.java:109)
at java.util.concurrent.ThreadPoolExecutor.runWorker(ThreadPoolExecutor.java:1149)
at java.util.concurrent.ThreadPoolExecutor$Worker.run(ThreadPoolExecutor.java:624)
at java.lang.Thread.run(Thread.java:748)
]]>
    </failure>
  </testcase> <!-- UserInfoRgisterData -->
  <testcase name="UserInfoRgisterData" time="0.242" classname="com.bitnei.apitest.testcases.saas.UserInforRgisterByExcel">
    <failure type="java.lang.AssertionError" message="expected [{}] but found [{&quot;errorMsg&quot;:{&quot;actualKey&quot;:&quot;不存在此errorMsg&quot;,&quot;expectedKey&quot;:&quot;errorMsg&quot;}}]">
      <![CDATA[java.lang.AssertionError: expected [{}] but found [{"errorMsg":{"actualKey":"不存在此errorMsg","expectedKey":"errorMsg"}}]
at org.testng.Assert.fail(Assert.java:96)
at org.testng.Assert.failNotEquals(Assert.java:776)
at org.testng.Assert.assertEqualsImpl(Assert.java:137)
at org.testng.Assert.assertEquals(Assert.java:118)
at org.testng.Assert.assertEquals(Assert.java:453)
at org.testng.Assert.assertEquals(Assert.java:463)
at com.bitnei.apitest.testcases.saas.UserInforRgisterByExcel.UserInfoRgisterData(UserInforRgisterByExcel.java:70)
at sun.reflect.NativeMethodAccessorImpl.invoke0(Native Method)
at sun.reflect.NativeMethodAccessorImpl.invoke(NativeMethodAccessorImpl.java:62)
at sun.reflect.DelegatingMethodAccessorImpl.invoke(DelegatingMethodAccessorImpl.java:43)
at java.lang.reflect.Method.invoke(Method.java:498)
at org.testng.internal.MethodInvocationHelper.invokeMethod(MethodInvocationHelper.java:124)
at org.testng.internal.Invoker.invokeMethod(Invoker.java:580)
at org.testng.internal.Invoker.invokeTestMethod(Invoker.java:716)
at org.testng.internal.Invoker.invokeTestMethods(Invoker.java:988)
at org.testng.internal.TestMethodWorker.invokeTestMethods(TestMethodWorker.java:125)
at org.testng.internal.TestMethodWorker.run(TestMethodWorker.java:109)
at java.util.concurrent.ThreadPoolExecutor.runWorker(ThreadPoolExecutor.java:1149)
at java.util.concurrent.ThreadPoolExecutor$Worker.run(ThreadPoolExecutor.java:624)
at java.lang.Thread.run(Thread.java:748)
]]>
    </failure>
  </testcase> <!-- UserInfoRgisterData -->
  <testcase name="UserInfoRgisterData" time="0.063" classname="com.bitnei.apitest.testcases.saas.UserInforRgisterByExcel">
    <failure type="java.lang.AssertionError" message="expected [{}] but found [{&quot;Length&quot;:{&quot;actualLenth&quot;:0,&quot;expectLenth&quot;:5}}]">
      <![CDATA[java.lang.AssertionError: expected [{}] but found [{"Length":{"actualLenth":0,"expectLenth":5}}]
at org.testng.Assert.fail(Assert.java:96)
at org.testng.Assert.failNotEquals(Assert.java:776)
at org.testng.Assert.assertEqualsImpl(Assert.java:137)
at org.testng.Assert.assertEquals(Assert.java:118)
at org.testng.Assert.assertEquals(Assert.java:453)
at org.testng.Assert.assertEquals(Assert.java:463)
at com.bitnei.apitest.testcases.saas.UserInforRgisterByExcel.UserInfoRgisterData(UserInforRgisterByExcel.java:70)
at sun.reflect.NativeMethodAccessorImpl.invoke0(Native Method)
at sun.reflect.NativeMethodAccessorImpl.invoke(NativeMethodAccessorImpl.java:62)
at sun.reflect.DelegatingMethodAccessorImpl.invoke(DelegatingMethodAccessorImpl.java:43)
at java.lang.reflect.Method.invoke(Method.java:498)
at org.testng.internal.MethodInvocationHelper.invokeMethod(MethodInvocationHelper.java:124)
at org.testng.internal.Invoker.invokeMethod(Invoker.java:580)
at org.testng.internal.Invoker.invokeTestMethod(Invoker.java:716)
at org.testng.internal.Invoker.invokeTestMethods(Invoker.java:988)
at org.testng.internal.TestMethodWorker.invokeTestMethods(TestMethodWorker.java:125)
at org.testng.internal.TestMethodWorker.run(TestMethodWorker.java:109)
at java.util.concurrent.ThreadPoolExecutor.runWorker(ThreadPoolExecutor.java:1149)
at java.util.concurrent.ThreadPoolExecutor$Worker.run(ThreadPoolExecutor.java:624)
at java.lang.Thread.run(Thread.java:748)
]]>
    </failure>
  </testcase> <!-- UserInfoRgisterData -->
  <testcase name="UserInfoRgisterData" time="0.124" classname="com.bitnei.apitest.testcases.saas.UserInforRgisterByExcel">
    <failure type="java.lang.AssertionError" message="expected [{}] but found [{&quot;Length&quot;:{&quot;actualLenth&quot;:0,&quot;expectLenth&quot;:1}}]">
      <![CDATA[java.lang.AssertionError: expected [{}] but found [{"Length":{"actualLenth":0,"expectLenth":1}}]
at org.testng.Assert.fail(Assert.java:96)
at org.testng.Assert.failNotEquals(Assert.java:776)
at org.testng.Assert.assertEqualsImpl(Assert.java:137)
at org.testng.Assert.assertEquals(Assert.java:118)
at org.testng.Assert.assertEquals(Assert.java:453)
at org.testng.Assert.assertEquals(Assert.java:463)
at com.bitnei.apitest.testcases.saas.UserInforRgisterByExcel.UserInfoRgisterData(UserInforRgisterByExcel.java:70)
at sun.reflect.NativeMethodAccessorImpl.invoke0(Native Method)
at sun.reflect.NativeMethodAccessorImpl.invoke(NativeMethodAccessorImpl.java:62)
at sun.reflect.DelegatingMethodAccessorImpl.invoke(DelegatingMethodAccessorImpl.java:43)
at java.lang.reflect.Method.invoke(Method.java:498)
at org.testng.internal.MethodInvocationHelper.invokeMethod(MethodInvocationHelper.java:124)
at org.testng.internal.Invoker.invokeMethod(Invoker.java:580)
at org.testng.internal.Invoker.invokeTestMethod(Invoker.java:716)
at org.testng.internal.Invoker.invokeTestMethods(Invoker.java:988)
at org.testng.internal.TestMethodWorker.invokeTestMethods(TestMethodWorker.java:125)
at org.testng.internal.TestMethodWorker.run(TestMethodWorker.java:109)
at java.util.concurrent.ThreadPoolExecutor.runWorker(ThreadPoolExecutor.java:1149)
at java.util.concurrent.ThreadPoolExecutor$Worker.run(ThreadPoolExecutor.java:624)
at java.lang.Thread.run(Thread.java:748)
]]>
    </failure>
  </testcase> <!-- UserInfoRgisterData -->
  <testcase name="UserInfoRgisterData" time="0.567" classname="com.bitnei.apitest.testcases.saas.UserInforRgisterByExcel">
    <failure type="java.lang.AssertionError" message="expected [{}] but found [{&quot;errorMsg&quot;:{&quot;actualKey&quot;:&quot;不存在此errorMsg&quot;,&quot;expectedKey&quot;:&quot;errorMsg&quot;},&quot;total&quot;:{&quot;currentValue is &quot;:0,&quot;expectedValue is&quot;:1},&quot;Length&quot;:{&quot;actualLenth&quot;:0,&quot;expectLenth&quot;:1},&quot;size&quot;:{&quot;currentValue is &quot;:0,&quot;expectedValue is&quot;:1},&quot;pages&quot;:{&quot;currentValue is &quot;:0,&quot;expectedValue is&quot;:1},&quot;navigateFirstPage&quot;:{&quot;currentValue is &quot;:0,&quot;expectedValue is&quot;:1},&quot;navigateLastPage&quot;:{&quot;currentValue is &quot;:0,&quot;expectedValue is&quot;:1}}]">
      <![CDATA[java.lang.AssertionError: expected [{}] but found [{"errorMsg":{"actualKey":"不存在此errorMsg","expectedKey":"errorMsg"},"total":{"currentValue is ":0,"expectedValue is":1},"Length":{"actualLenth":0,"expectLenth":1},"size":{"currentValue is ":0,"expectedValue is":1},"pages":{"currentValue is ":0,"expectedValue is":1},"navigateFirstPage":{"currentValue is ":0,"expectedValue is":1},"navigateLastPage":{"currentValue is ":0,"expectedValue is":1}}]
at org.testng.Assert.fail(Assert.java:96)
at org.testng.Assert.failNotEquals(Assert.java:776)
at org.testng.Assert.assertEqualsImpl(Assert.java:137)
at org.testng.Assert.assertEquals(Assert.java:118)
at org.testng.Assert.assertEquals(Assert.java:453)
at org.testng.Assert.assertEquals(Assert.java:463)
at com.bitnei.apitest.testcases.saas.UserInforRgisterByExcel.UserInfoRgisterData(UserInforRgisterByExcel.java:70)
at sun.reflect.NativeMethodAccessorImpl.invoke0(Native Method)
at sun.reflect.NativeMethodAccessorImpl.invoke(NativeMethodAccessorImpl.java:62)
at sun.reflect.DelegatingMethodAccessorImpl.invoke(DelegatingMethodAccessorImpl.java:43)
at java.lang.reflect.Method.invoke(Method.java:498)
at org.testng.internal.MethodInvocationHelper.invokeMethod(MethodInvocationHelper.java:124)
at org.testng.internal.Invoker.invokeMethod(Invoker.java:580)
at org.testng.internal.Invoker.invokeTestMethod(Invoker.java:716)
at org.testng.internal.Invoker.invokeTestMethods(Invoker.java:988)
at org.testng.internal.TestMethodWorker.invokeTestMethods(TestMethodWorker.java:125)
at org.testng.internal.TestMethodWorker.run(TestMethodWorker.java:109)
at java.util.concurrent.ThreadPoolExecutor.runWorker(ThreadPoolExecutor.java:1149)
at java.util.concurrent.ThreadPoolExecutor$Worker.run(ThreadPoolExecutor.java:624)
at java.lang.Thread.run(Thread.java:748)
]]>
    </failure>
  </testcase> <!-- UserInfoRgisterData -->
  <testcase name="UserInfoRgisterData" time="0.135" classname="com.bitnei.apitest.testcases.saas.UserInforRgisterByExcel">
    <failure type="java.lang.AssertionError" message="expected [{}] but found [{&quot;errorMsg&quot;:{&quot;actualKey&quot;:&quot;不存在此errorMsg&quot;,&quot;expectedKey&quot;:&quot;errorMsg&quot;},&quot;total&quot;:{&quot;currentValue is &quot;:0,&quot;expectedValue is&quot;:2},&quot;Length&quot;:{&quot;actualLenth&quot;:0,&quot;expectLenth&quot;:1},&quot;size&quot;:{&quot;currentValue is &quot;:0,&quot;expectedValue is&quot;:2},&quot;startRow&quot;:{&quot;currentValue is &quot;:0,&quot;expectedValue is&quot;:1},&quot;endRow&quot;:{&quot;currentValue is &quot;:0,&quot;expectedValue is&quot;:2},&quot;pages&quot;:{&quot;currentValue is &quot;:0,&quot;expectedValue is&quot;:1},&quot;navigateFirstPage&quot;:{&quot;currentValue is &quot;:0,&quot;expectedValue is&quot;:1},&quot;navigateLastPage&quot;:{&quot;currentValue is &quot;:0,&quot;expectedValue is&quot;:1}}]">
      <![CDATA[java.lang.AssertionError: expected [{}] but found [{"errorMsg":{"actualKey":"不存在此errorMsg","expectedKey":"errorMsg"},"total":{"currentValue is ":0,"expectedValue is":2},"Length":{"actualLenth":0,"expectLenth":1},"size":{"currentValue is ":0,"expectedValue is":2},"startRow":{"currentValue is ":0,"expectedValue is":1},"endRow":{"currentValue is ":0,"expectedValue is":2},"pages":{"currentValue is ":0,"expectedValue is":1},"navigateFirstPage":{"currentValue is ":0,"expectedValue is":1},"navigateLastPage":{"currentValue is ":0,"expectedValue is":1}}]
at org.testng.Assert.fail(Assert.java:96)
at org.testng.Assert.failNotEquals(Assert.java:776)
at org.testng.Assert.assertEqualsImpl(Assert.java:137)
at org.testng.Assert.assertEquals(Assert.java:118)
at org.testng.Assert.assertEquals(Assert.java:453)
at org.testng.Assert.assertEquals(Assert.java:463)
at com.bitnei.apitest.testcases.saas.UserInforRgisterByExcel.UserInfoRgisterData(UserInforRgisterByExcel.java:70)
at sun.reflect.NativeMethodAccessorImpl.invoke0(Native Method)
at sun.reflect.NativeMethodAccessorImpl.invoke(NativeMethodAccessorImpl.java:62)
at sun.reflect.DelegatingMethodAccessorImpl.invoke(DelegatingMethodAccessorImpl.java:43)
at java.lang.reflect.Method.invoke(Method.java:498)
at org.testng.internal.MethodInvocationHelper.invokeMethod(MethodInvocationHelper.java:124)
at org.testng.internal.Invoker.invokeMethod(Invoker.java:580)
at org.testng.internal.Invoker.invokeTestMethod(Invoker.java:716)
at org.testng.internal.Invoker.invokeTestMethods(Invoker.java:988)
at org.testng.internal.TestMethodWorker.invokeTestMethods(TestMethodWorker.java:125)
at org.testng.internal.TestMethodWorker.run(TestMethodWorker.java:109)
at java.util.concurrent.ThreadPoolExecutor.runWorker(ThreadPoolExecutor.java:1149)
at java.util.concurrent.ThreadPoolExecutor$Worker.run(ThreadPoolExecutor.java:624)
at java.lang.Thread.run(Thread.java:748)
]]>
    </failure>
  </testcase> <!-- UserInfoRgisterData -->
  <testcase name="UserInfoRgisterData" time="0.105" classname="com.bitnei.apitest.testcases.saas.UserInforRgisterByExcel">
    <failure type="java.lang.AssertionError" message="expected [{}] but found [{&quot;errorMsg&quot;:{&quot;actualKey&quot;:&quot;不存在此errorMsg&quot;,&quot;expectedKey&quot;:&quot;errorMsg&quot;}}]">
      <![CDATA[java.lang.AssertionError: expected [{}] but found [{"errorMsg":{"actualKey":"不存在此errorMsg","expectedKey":"errorMsg"}}]
at org.testng.Assert.fail(Assert.java:96)
at org.testng.Assert.failNotEquals(Assert.java:776)
at org.testng.Assert.assertEqualsImpl(Assert.java:137)
at org.testng.Assert.assertEquals(Assert.java:118)
at org.testng.Assert.assertEquals(Assert.java:453)
at org.testng.Assert.assertEquals(Assert.java:463)
at com.bitnei.apitest.testcases.saas.UserInforRgisterByExcel.UserInfoRgisterData(UserInforRgisterByExcel.java:70)
at sun.reflect.NativeMethodAccessorImpl.invoke0(Native Method)
at sun.reflect.NativeMethodAccessorImpl.invoke(NativeMethodAccessorImpl.java:62)
at sun.reflect.DelegatingMethodAccessorImpl.invoke(DelegatingMethodAccessorImpl.java:43)
at java.lang.reflect.Method.invoke(Method.java:498)
at org.testng.internal.MethodInvocationHelper.invokeMethod(MethodInvocationHelper.java:124)
at org.testng.internal.Invoker.invokeMethod(Invoker.java:580)
at org.testng.internal.Invoker.invokeTestMethod(Invoker.java:716)
at org.testng.internal.Invoker.invokeTestMethods(Invoker.java:988)
at org.testng.internal.TestMethodWorker.invokeTestMethods(TestMethodWorker.java:125)
at org.testng.internal.TestMethodWorker.run(TestMethodWorker.java:109)
at java.util.concurrent.ThreadPoolExecutor.runWorker(ThreadPoolExecutor.java:1149)
at java.util.concurrent.ThreadPoolExecutor$Worker.run(ThreadPoolExecutor.java:624)
at java.lang.Thread.run(Thread.java:748)
]]>
    </failure>
  </testcase> <!-- UserInfoRgisterData -->
  <testcase name="UserInfoRgisterData" time="0.237" classname="com.bitnei.apitest.testcases.saas.UserInforRgisterByExcel"/>
  <testcase name="UserInfoRgisterData" time="0.341" classname="com.bitnei.apitest.testcases.saas.UserInforRgisterByExcel">
    <failure type="java.lang.AssertionError" message="expected [{}] but found [{&quot;vin&quot;:{&quot;actualKey&quot;:&quot;不存在此vin&quot;,&quot;expectedKey&quot;:&quot;vin&quot;},&quot;modelName&quot;:{&quot;actualKey&quot;:&quot;不存在此modelName&quot;,&quot;expectedKey&quot;:&quot;modelName&quot;},&quot;chargeTimes&quot;:{&quot;actualValue&quot;:null,&quot;expectedValue&quot;:68,&quot;currentValue is &quot;:null,&quot;expectedValue is &quot;:&quot;BJ7000C5E7-BEV&quot;,&quot;expectedValue is&quot;:68},&quot;chargeQuick&quot;:{&quot;actualValue&quot;:null,&quot;expectedValue&quot;:17,&quot;currentValue is &quot;:null,&quot;expectedValue is &quot;:&quot;BJ7000C5E7-BEV&quot;,&quot;expectedValue is&quot;:17},&quot;chargeSlow&quot;:{&quot;actualValue&quot;:null,&quot;expectedValue&quot;:51,&quot;currentValue is &quot;:null,&quot;expectedValue is &quot;:&quot;BJ7000C5E7-BEV&quot;,&quot;expectedValue is&quot;:51},&quot;halfPriceTimes&quot;:{&quot;actualValue&quot;:null,&quot;expectedValue&quot;:46,&quot;currentValue is &quot;:null,&quot;expectedValue is &quot;:&quot;BJ7000C5E7-BEV&quot;,&quot;expectedValue is&quot;:46},&quot;avgStartSoc&quot;:{&quot;actualValue&quot;:null,&quot;expectedValue&quot;:36.46,&quot;currentValue is &quot;:null,&quot;expectedValue is &quot;:&quot;BJ7000C5E7-BEV&quot;,&quot;expectedValue is&quot;:46},&quot;avgEndSoc&quot;:{&quot;actualValue&quot;:null,&quot;expectedValue&quot;:71.53,&quot;currentValue is &quot;:null,&quot;expectedValue is &quot;:&quot;BJ7000C5E7-BEV&quot;,&quot;expectedValue is&quot;:46},&quot;avgChargeTime&quot;:{&quot;actualValue&quot;:null,&quot;expectedValue&quot;:&quot;1小时36分钟&quot;,&quot;currentValue is &quot;:null,&quot;expectedValue is &quot;:&quot;1小时36分钟&quot;,&quot;expectedValue is&quot;:46},&quot;portraitReduceMonth&quot;:{&quot;actualValue&quot;:null,&quot;expectedValue&quot;:{&quot;vin&quot;:&quot;LNBSCC3H4HF327175&quot;,&quot;modelName&quot;:&quot;BJ7000C5E7-BEV&quot;,&quot;reducePercent&quot;:7.3,&quot;reduceScore&quot;:78.1,&quot;leftMonth&quot;:61.1,&quot;actualDriveRange&quot;:253.3,&quot;power100km&quot;:16.8,&quot;createDate&quot;:&quot;2019-06-25&quot;}},&quot;reducePercent&quot;:{&quot;actualKey&quot;:&quot;不存在此reducePercent&quot;,&quot;expectedKey&quot;:&quot;reducePercent&quot;},&quot;reduceScore&quot;:{&quot;actualKey&quot;:&quot;不存在此reduceScore&quot;,&quot;expectedKey&quot;:&quot;reduceScore&quot;},&quot;leftMonth&quot;:{&quot;actualKey&quot;:&quot;不存在此leftMonth&quot;,&quot;expectedKey&quot;:&quot;leftMonth&quot;},&quot;actualDriveRange&quot;:{&quot;actualKey&quot;:&quot;不存在此actualDriveRange&quot;,&quot;expectedKey&quot;:&quot;actualDriveRange&quot;},&quot;power100km&quot;:{&quot;actualKey&quot;:&quot;不存在此power100km&quot;,&quot;expectedKey&quot;:&quot;power100km&quot;},&quot;createDate&quot;:{&quot;actualKey&quot;:&quot;不存在此createDate&quot;,&quot;expectedKey&quot;:&quot;createDate&quot;},&quot;portraitStaticMonth&quot;:{&quot;actualValue&quot;:null,&quot;expectedValue&quot;:{&quot;vin&quot;:&quot;LNBSCC3H4HF327175&quot;,&quot;modelName&quot;:&quot;BJ7000C5E7-BEV&quot;,&quot;brand&quot;:&quot;北汽新能源&quot;,&quot;level&quot;:&quot;A&quot;,&quot;powerType&quot;:&quot;BEV&quot;,&quot;driveRange&quot;:&quot;300.0&quot;,&quot;cityDept&quot;:&quot;北京市&quot;,&quot;dictName&quot;:&quot;出租乘用车&quot;,&quot;dashboardMileage&quot;:&quot;115884.0&quot;,&quot;createDate&quot;:&quot;2019-06-27&quot;,&quot;detailModel&quot;:&quot;EU260&quot;}},&quot;brand&quot;:{&quot;actualKey&quot;:&quot;不存在此brand&quot;,&quot;expectedKey&quot;:&quot;brand&quot;},&quot;level&quot;:{&quot;actualKey&quot;:&quot;不存在此level&quot;,&quot;expectedKey&quot;:&quot;level&quot;},&quot;powerType&quot;:{&quot;actualKey&quot;:&quot;不存在此powerType&quot;,&quot;expectedKey&quot;:&quot;powerType&quot;},&quot;driveRange&quot;:{&quot;actualKey&quot;:&quot;不存在此driveRange&quot;,&quot;expectedKey&quot;:&quot;driveRange&quot;},&quot;cityDept&quot;:{&quot;actualKey&quot;:&quot;不存在此cityDept&quot;,&quot;expectedKey&quot;:&quot;cityDept&quot;},&quot;dictName&quot;:{&quot;actualKey&quot;:&quot;不存在此dictName&quot;,&quot;expectedKey&quot;:&quot;dictName&quot;},&quot;dashboardMileage&quot;:{&quot;actualKey&quot;:&quot;不存在此dashboardMileage&quot;,&quot;expectedKey&quot;:&quot;dashboardMileage&quot;},&quot;detailModel&quot;:{&quot;actualKey&quot;:&quot;不存在此detailModel&quot;,&quot;expectedKey&quot;:&quot;detailModel&quot;},&quot;portraitRunMonth&quot;:{&quot;actualValue&quot;:null,&quot;expectedValue&quot;:{&quot;vin&quot;:&quot;LNBSCC3H4HF327175&quot;,&quot;modelName&quot;:&quot;BJ7000C5E7-BEV&quot;,&quot;runDays&quot;:27,&quot;runTimes&quot;:145,&quot;soc20Times&quot;:23,&quot;runMileage&quot;:6512,&quot;peakTimes&quot;:40,&quot;maxSpeed&quot;:105.2,&quot;createDate&quot;:&quot;2019-06-26&quot;}},&quot;runDays&quot;:{&quot;actualKey&quot;:&quot;不存在此runDays&quot;,&quot;expectedKey&quot;:&quot;runDays&quot;},&quot;runTimes&quot;:{&quot;actualKey&quot;:&quot;不存在此runTimes&quot;,&quot;expectedKey&quot;:&quot;runTimes&quot;},&quot;soc20Times&quot;:{&quot;actualKey&quot;:&quot;不存在此soc20Times&quot;,&quot;expectedKey&quot;:&quot;soc20Times&quot;},&quot;runMileage&quot;:{&quot;actualKey&quot;:&quot;不存在此runMileage&quot;,&quot;expectedKey&quot;:&quot;runMileage&quot;},&quot;peakTimes&quot;:{&quot;actualKey&quot;:&quot;不存在此peakTimes&quot;,&quot;expectedKey&quot;:&quot;peakTimes&quot;},&quot;maxSpeed&quot;:{&quot;actualKey&quot;:&quot;不存在此maxSpeed&quot;,&quot;expectedKey&quot;:&quot;maxSpeed&quot;},&quot;Length&quot;:{&quot;actualLenth&quot;:0,&quot;expectLenth&quot;:74}}]">
      <![CDATA[java.lang.AssertionError: expected [{}] but found [{"vin":{"actualKey":"不存在此vin","expectedKey":"vin"},"modelName":{"actualKey":"不存在此modelName","expectedKey":"modelName"},"chargeTimes":{"actualValue":null,"expectedValue":68,"currentValue is ":null,"expectedValue is ":"BJ7000C5E7-BEV","expectedValue is":68},"chargeQuick":{"actualValue":null,"expectedValue":17,"currentValue is ":null,"expectedValue is ":"BJ7000C5E7-BEV","expectedValue is":17},"chargeSlow":{"actualValue":null,"expectedValue":51,"currentValue is ":null,"expectedValue is ":"BJ7000C5E7-BEV","expectedValue is":51},"halfPriceTimes":{"actualValue":null,"expectedValue":46,"currentValue is ":null,"expectedValue is ":"BJ7000C5E7-BEV","expectedValue is":46},"avgStartSoc":{"actualValue":null,"expectedValue":36.46,"currentValue is ":null,"expectedValue is ":"BJ7000C5E7-BEV","expectedValue is":46},"avgEndSoc":{"actualValue":null,"expectedValue":71.53,"currentValue is ":null,"expectedValue is ":"BJ7000C5E7-BEV","expectedValue is":46},"avgChargeTime":{"actualValue":null,"expectedValue":"1小时36分钟","currentValue is ":null,"expectedValue is ":"1小时36分钟","expectedValue is":46},"portraitReduceMonth":{"actualValue":null,"expectedValue":{"vin":"LNBSCC3H4HF327175","modelName":"BJ7000C5E7-BEV","reducePercent":7.3,"reduceScore":78.1,"leftMonth":61.1,"actualDriveRange":253.3,"power100km":16.8,"createDate":"2019-06-25"}},"reducePercent":{"actualKey":"不存在此reducePercent","expectedKey":"reducePercent"},"reduceScore":{"actualKey":"不存在此reduceScore","expectedKey":"reduceScore"},"leftMonth":{"actualKey":"不存在此leftMonth","expectedKey":"leftMonth"},"actualDriveRange":{"actualKey":"不存在此actualDriveRange","expectedKey":"actualDriveRange"},"power100km":{"actualKey":"不存在此power100km","expectedKey":"power100km"},"createDate":{"actualKey":"不存在此createDate","expectedKey":"createDate"},"portraitStaticMonth":{"actualValue":null,"expectedValue":{"vin":"LNBSCC3H4HF327175","modelName":"BJ7000C5E7-BEV","brand":"北汽新能源","level":"A","powerType":"BEV","driveRange":"300.0","cityDept":"北京市","dictName":"出租乘用车","dashboardMileage":"115884.0","createDate":"2019-06-27","detailModel":"EU260"}},"brand":{"actualKey":"不存在此brand","expectedKey":"brand"},"level":{"actualKey":"不存在此level","expectedKey":"level"},"powerType":{"actualKey":"不存在此powerType","expectedKey":"powerType"},"driveRange":{"actualKey":"不存在此driveRange","expectedKey":"driveRange"},"cityDept":{"actualKey":"不存在此cityDept","expectedKey":"cityDept"},"dictName":{"actualKey":"不存在此dictName","expectedKey":"dictName"},"dashboardMileage":{"actualKey":"不存在此dashboardMileage","expectedKey":"dashboardMileage"},"detailModel":{"actualKey":"不存在此detailModel","expectedKey":"detailModel"},"portraitRunMonth":{"actualValue":null,"expectedValue":{"vin":"LNBSCC3H4HF327175","modelName":"BJ7000C5E7-BEV","runDays":27,"runTimes":145,"soc20Times":23,"runMileage":6512,"peakTimes":40,"maxSpeed":105.2,"createDate":"2019-06-26"}},"runDays":{"actualKey":"不存在此runDays","expectedKey":"runDays"},"runTimes":{"actualKey":"不存在此runTimes","expectedKey":"runTimes"},"soc20Times":{"actualKey":"不存在此soc20Times","expectedKey":"soc20Times"},"runMileage":{"actualKey":"不存在此runMileage","expectedKey":"runMileage"},"peakTimes":{"actualKey":"不存在此peakTimes","expectedKey":"peakTimes"},"maxSpeed":{"actualKey":"不存在此maxSpeed","expectedKey":"maxSpeed"},"Length":{"actualLenth":0,"expectLenth":74}}]
at org.testng.Assert.fail(Assert.java:96)
at org.testng.Assert.failNotEquals(Assert.java:776)
at org.testng.Assert.assertEqualsImpl(Assert.java:137)
at org.testng.Assert.assertEquals(Assert.java:118)
at org.testng.Assert.assertEquals(Assert.java:453)
at org.testng.Assert.assertEquals(Assert.java:463)
at com.bitnei.apitest.testcases.saas.UserInforRgisterByExcel.UserInfoRgisterData(UserInforRgisterByExcel.java:70)
at sun.reflect.NativeMethodAccessorImpl.invoke0(Native Method)
at sun.reflect.NativeMethodAccessorImpl.invoke(NativeMethodAccessorImpl.java:62)
at sun.reflect.DelegatingMethodAccessorImpl.invoke(DelegatingMethodAccessorImpl.java:43)
at java.lang.reflect.Method.invoke(Method.java:498)
at org.testng.internal.MethodInvocationHelper.invokeMethod(MethodInvocationHelper.java:124)
at org.testng.internal.Invoker.invokeMethod(Invoker.java:580)
at org.testng.internal.Invoker.invokeTestMethod(Invoker.java:716)
at org.testng.internal.Invoker.invokeTestMethods(Invoker.java:988)
at org.testng.internal.TestMethodWorker.invokeTestMethods(TestMethodWorker.java:125)
at org.testng.internal.TestMethodWorker.run(TestMethodWorker.java:109)
at java.util.concurrent.ThreadPoolExecutor.runWorker(ThreadPoolExecutor.java:1149)
at java.util.concurrent.ThreadPoolExecutor$Worker.run(ThreadPoolExecutor.java:624)
at java.lang.Thread.run(Thread.java:748)
]]>
    </failure>
  </testcase> <!-- UserInfoRgisterData -->
  <testcase name="UserInfoRgisterData" time="0.174" classname="com.bitnei.apitest.testcases.saas.UserInforRgisterByExcel"/>
  <testcase name="UserInfoRgisterData" time="0.227" classname="com.bitnei.apitest.testcases.saas.UserInforRgisterByExcel">
    <failure type="java.lang.AssertionError" message="expected [{}] but found [{&quot;apiId&quot;:{&quot;actualValue&quot;:null,&quot;expectedValue&quot;:&quot;1&quot;,&quot;currentValue is &quot;:null,&quot;expectedValue is &quot;:&quot;1&quot;},&quot;moduleName&quot;:{&quot;actualValue&quot;:null,&quot;expectedValue&quot;:&quot;用户鉴权&quot;,&quot;currentValue is &quot;:null,&quot;expectedValue is &quot;:&quot;用户鉴权&quot;},&quot;moduleId&quot;:{&quot;actualValue&quot;:null,&quot;expectedValue&quot;:&quot;e600b13d62d542be9edd4e6742615e29&quot;,&quot;currentValue is &quot;:null,&quot;expectedValue is &quot;:&quot;e600b13d62d542be9edd4e6742615e29&quot;},&quot;projectName&quot;:{&quot;actualValue&quot;:null,&quot;expectedValue&quot;:&quot;saas平台公共组件&quot;,&quot;currentValue is &quot;:null,&quot;expectedValue is &quot;:&quot;saas平台公共组件&quot;},&quot;projectId&quot;:{&quot;actualValue&quot;:null,&quot;expectedValue&quot;:&quot;bf073f1b47594c47af8a34376b454d39&quot;,&quot;currentValue is &quot;:null,&quot;expectedValue is &quot;:&quot;bf073f1b47594c47af8a34376b454d39&quot;},&quot;name&quot;:{&quot;actualValue&quot;:null,&quot;expectedValue&quot;:&quot;用户获取TOKEN接口&quot;,&quot;currentValue is &quot;:null,&quot;expectedValue is &quot;:&quot;用户获取TOKEN接口&quot;},&quot;url&quot;:{&quot;actualValue&quot;:null,&quot;expectedValue&quot;:&quot;http://test-oauth.bitnei.cn/acquire/token&quot;,&quot;currentValue is &quot;:null,&quot;expectedValue is &quot;:&quot;http://test-oauth.bitnei.cn/acquire/token&quot;},&quot;uri&quot;:{&quot;actualValue&quot;:null,&quot;expectedValue&quot;:&quot;/acquire/token&quot;,&quot;currentValue is &quot;:null,&quot;expectedValue is &quot;:&quot;/acquire/token&quot;},&quot;method&quot;:{&quot;actualValue&quot;:null,&quot;expectedValue&quot;:&quot;POST&quot;,&quot;currentValue is &quot;:null,&quot;expectedValue is &quot;:&quot;POST&quot;},&quot;scheme&quot;:{&quot;actualValue&quot;:null,&quot;expectedValue&quot;:&quot;HTTP&quot;,&quot;currentValue is &quot;:null,&quot;expectedValue is &quot;:&quot;HTTP&quot;},&quot;description&quot;:{&quot;actualValue&quot;:null,&quot;expectedValue&quot;:&quot;用户获取token&quot;,&quot;currentValue is &quot;:null,&quot;expectedValue is &quot;:&quot;用户获取token&quot;},&quot;consume&quot;:{&quot;actualValue&quot;:null,&quot;expectedValue&quot;:&quot;application/json&quot;,&quot;currentValue is &quot;:null,&quot;expectedValue is &quot;:&quot;application/json&quot;},&quot;produce&quot;:{&quot;actualValue&quot;:null,&quot;expectedValue&quot;:&quot;application/json&quot;,&quot;currentValue is &quot;:null,&quot;expectedValue is &quot;:&quot;application/json&quot;},&quot;type&quot;:{&quot;actualValue&quot;:null,&quot;expectedValue&quot;:&quot;2&quot;,&quot;currentValue is &quot;:null,&quot;expectedValue is &quot;:&quot;2&quot;}}]">
      <![CDATA[java.lang.AssertionError: expected [{}] but found [{"apiId":{"actualValue":null,"expectedValue":"1","currentValue is ":null,"expectedValue is ":"1"},"moduleName":{"actualValue":null,"expectedValue":"用户鉴权","currentValue is ":null,"expectedValue is ":"用户鉴权"},"moduleId":{"actualValue":null,"expectedValue":"e600b13d62d542be9edd4e6742615e29","currentValue is ":null,"expectedValue is ":"e600b13d62d542be9edd4e6742615e29"},"projectName":{"actualValue":null,"expectedValue":"saas平台公共组件","currentValue is ":null,"expectedValue is ":"saas平台公共组件"},"projectId":{"actualValue":null,"expectedValue":"bf073f1b47594c47af8a34376b454d39","currentValue is ":null,"expectedValue is ":"bf073f1b47594c47af8a34376b454d39"},"name":{"actualValue":null,"expectedValue":"用户获取TOKEN接口","currentValue is ":null,"expectedValue is ":"用户获取TOKEN接口"},"url":{"actualValue":null,"expectedValue":"http://test-oauth.bitnei.cn/acquire/token","currentValue is ":null,"expectedValue is ":"http://test-oauth.bitnei.cn/acquire/token"},"uri":{"actualValue":null,"expectedValue":"/acquire/token","currentValue is ":null,"expectedValue is ":"/acquire/token"},"method":{"actualValue":null,"expectedValue":"POST","currentValue is ":null,"expectedValue is ":"POST"},"scheme":{"actualValue":null,"expectedValue":"HTTP","currentValue is ":null,"expectedValue is ":"HTTP"},"description":{"actualValue":null,"expectedValue":"用户获取token","currentValue is ":null,"expectedValue is ":"用户获取token"},"consume":{"actualValue":null,"expectedValue":"application/json","currentValue is ":null,"expectedValue is ":"application/json"},"produce":{"actualValue":null,"expectedValue":"application/json","currentValue is ":null,"expectedValue is ":"application/json"},"type":{"actualValue":null,"expectedValue":"2","currentValue is ":null,"expectedValue is ":"2"}}]
at org.testng.Assert.fail(Assert.java:96)
at org.testng.Assert.failNotEquals(Assert.java:776)
at org.testng.Assert.assertEqualsImpl(Assert.java:137)
at org.testng.Assert.assertEquals(Assert.java:118)
at org.testng.Assert.assertEquals(Assert.java:453)
at org.testng.Assert.assertEquals(Assert.java:463)
at com.bitnei.apitest.testcases.saas.UserInforRgisterByExcel.UserInfoRgisterData(UserInforRgisterByExcel.java:70)
at sun.reflect.GeneratedMethodAccessor2.invoke(Unknown Source)
at sun.reflect.DelegatingMethodAccessorImpl.invoke(DelegatingMethodAccessorImpl.java:43)
at java.lang.reflect.Method.invoke(Method.java:498)
at org.testng.internal.MethodInvocationHelper.invokeMethod(MethodInvocationHelper.java:124)
at org.testng.internal.Invoker.invokeMethod(Invoker.java:580)
at org.testng.internal.Invoker.invokeTestMethod(Invoker.java:716)
at org.testng.internal.Invoker.invokeTestMethods(Invoker.java:988)
at org.testng.internal.TestMethodWorker.invokeTestMethods(TestMethodWorker.java:125)
at org.testng.internal.TestMethodWorker.run(TestMethodWorker.java:109)
at java.util.concurrent.ThreadPoolExecutor.runWorker(ThreadPoolExecutor.java:1149)
at java.util.concurrent.ThreadPoolExecutor$Worker.run(ThreadPoolExecutor.java:624)
at java.lang.Thread.run(Thread.java:748)
]]>
    </failure>
  </testcase> <!-- UserInfoRgisterData -->
  <testcase name="UserInfoRgisterData" time="0.212" classname="com.bitnei.apitest.testcases.saas.UserInforRgisterByExcel">
    <failure type="java.lang.AssertionError" message="expected [{}] but found [{&quot;errorMsg&quot;:{&quot;actualKey&quot;:&quot;不存在此errorMsg&quot;,&quot;expectedKey&quot;:&quot;errorMsg&quot;}}]">
      <![CDATA[java.lang.AssertionError: expected [{}] but found [{"errorMsg":{"actualKey":"不存在此errorMsg","expectedKey":"errorMsg"}}]
at org.testng.Assert.fail(Assert.java:96)
at org.testng.Assert.failNotEquals(Assert.java:776)
at org.testng.Assert.assertEqualsImpl(Assert.java:137)
at org.testng.Assert.assertEquals(Assert.java:118)
at org.testng.Assert.assertEquals(Assert.java:453)
at org.testng.Assert.assertEquals(Assert.java:463)
at com.bitnei.apitest.testcases.saas.UserInforRgisterByExcel.UserInfoRgisterData(UserInforRgisterByExcel.java:70)
at sun.reflect.NativeMethodAccessorImpl.invoke0(Native Method)
at sun.reflect.NativeMethodAccessorImpl.invoke(NativeMethodAccessorImpl.java:62)
at sun.reflect.DelegatingMethodAccessorImpl.invoke(DelegatingMethodAccessorImpl.java:43)
at java.lang.reflect.Method.invoke(Method.java:498)
at org.testng.internal.MethodInvocationHelper.invokeMethod(MethodInvocationHelper.java:124)
at org.testng.internal.Invoker.invokeMethod(Invoker.java:580)
at org.testng.internal.Invoker.invokeTestMethod(Invoker.java:716)
at org.testng.internal.Invoker.invokeTestMethods(Invoker.java:988)
at org.testng.internal.TestMethodWorker.invokeTestMethods(TestMethodWorker.java:125)
at org.testng.internal.TestMethodWorker.run(TestMethodWorker.java:109)
at java.util.concurrent.ThreadPoolExecutor.runWorker(ThreadPoolExecutor.java:1149)
at java.util.concurrent.ThreadPoolExecutor$Worker.run(ThreadPoolExecutor.java:624)
at java.lang.Thread.run(Thread.java:748)
]]>
    </failure>
  </testcase> <!-- UserInfoRgisterData -->
  <testcase name="UserInfoRgisterData" time="0.151" classname="com.bitnei.apitest.testcases.saas.UserInforRgisterByExcel">
    <failure type="java.lang.AssertionError" message="expected [{}] but found [{&quot;Length&quot;:{&quot;actualLenth&quot;:0,&quot;expectLenth&quot;:2}}]">
      <![CDATA[java.lang.AssertionError: expected [{}] but found [{"Length":{"actualLenth":0,"expectLenth":2}}]
at org.testng.Assert.fail(Assert.java:96)
at org.testng.Assert.failNotEquals(Assert.java:776)
at org.testng.Assert.assertEqualsImpl(Assert.java:137)
at org.testng.Assert.assertEquals(Assert.java:118)
at org.testng.Assert.assertEquals(Assert.java:453)
at org.testng.Assert.assertEquals(Assert.java:463)
at com.bitnei.apitest.testcases.saas.UserInforRgisterByExcel.UserInfoRgisterData(UserInforRgisterByExcel.java:70)
at sun.reflect.GeneratedMethodAccessor2.invoke(Unknown Source)
at sun.reflect.DelegatingMethodAccessorImpl.invoke(DelegatingMethodAccessorImpl.java:43)
at java.lang.reflect.Method.invoke(Method.java:498)
at org.testng.internal.MethodInvocationHelper.invokeMethod(MethodInvocationHelper.java:124)
at org.testng.internal.Invoker.invokeMethod(Invoker.java:580)
at org.testng.internal.Invoker.invokeTestMethod(Invoker.java:716)
at org.testng.internal.Invoker.invokeTestMethods(Invoker.java:988)
at org.testng.internal.TestMethodWorker.invokeTestMethods(TestMethodWorker.java:125)
at org.testng.internal.TestMethodWorker.run(TestMethodWorker.java:109)
at java.util.concurrent.ThreadPoolExecutor.runWorker(ThreadPoolExecutor.java:1149)
at java.util.concurrent.ThreadPoolExecutor$Worker.run(ThreadPoolExecutor.java:624)
at java.lang.Thread.run(Thread.java:748)
]]>
    </failure>
  </testcase> <!-- UserInfoRgisterData -->
  <testcase name="UserInfoRgisterData" time="0.107" classname="com.bitnei.apitest.testcases.saas.UserInforRgisterByExcel">
    <failure type="java.lang.AssertionError" message="expected [{}] but found [{&quot;errorMsg&quot;:{&quot;actualKey&quot;:&quot;不存在此errorMsg&quot;,&quot;expectedKey&quot;:&quot;errorMsg&quot;},&quot;data&quot;:{&quot;actualKey&quot;:&quot;不存在此data&quot;,&quot;expectedKey&quot;:&quot;data&quot;}}]">
      <![CDATA[java.lang.AssertionError: expected [{}] but found [{"errorMsg":{"actualKey":"不存在此errorMsg","expectedKey":"errorMsg"},"data":{"actualKey":"不存在此data","expectedKey":"data"}}]
at org.testng.Assert.fail(Assert.java:96)
at org.testng.Assert.failNotEquals(Assert.java:776)
at org.testng.Assert.assertEqualsImpl(Assert.java:137)
at org.testng.Assert.assertEquals(Assert.java:118)
at org.testng.Assert.assertEquals(Assert.java:453)
at org.testng.Assert.assertEquals(Assert.java:463)
at com.bitnei.apitest.testcases.saas.UserInforRgisterByExcel.UserInfoRgisterData(UserInforRgisterByExcel.java:70)
at sun.reflect.NativeMethodAccessorImpl.invoke0(Native Method)
at sun.reflect.NativeMethodAccessorImpl.invoke(NativeMethodAccessorImpl.java:62)
at sun.reflect.DelegatingMethodAccessorImpl.invoke(DelegatingMethodAccessorImpl.java:43)
at java.lang.reflect.Method.invoke(Method.java:498)
at org.testng.internal.MethodInvocationHelper.invokeMethod(MethodInvocationHelper.java:124)
at org.testng.internal.Invoker.invokeMethod(Invoker.java:580)
at org.testng.internal.Invoker.invokeTestMethod(Invoker.java:716)
at org.testng.internal.Invoker.invokeTestMethods(Invoker.java:988)
at org.testng.internal.TestMethodWorker.invokeTestMethods(TestMethodWorker.java:125)
at org.testng.internal.TestMethodWorker.run(TestMethodWorker.java:109)
at java.util.concurrent.ThreadPoolExecutor.runWorker(ThreadPoolExecutor.java:1149)
at java.util.concurrent.ThreadPoolExecutor$Worker.run(ThreadPoolExecutor.java:624)
at java.lang.Thread.run(Thread.java:748)
]]>
    </failure>
  </testcase> <!-- UserInfoRgisterData -->
  <testcase name="UserInfoRgisterData" time="0.324" classname="com.bitnei.apitest.testcases.saas.UserInforRgisterByExcel"/>
  <testcase name="UserInfoRgisterData" time="0.177" classname="com.bitnei.apitest.testcases.saas.UserInforRgisterByExcel">
    <failure type="java.lang.AssertionError" message="expected [{}] but found [{&quot;errorMsg&quot;:{&quot;actualKey&quot;:&quot;不存在此errorMsg&quot;,&quot;expectedKey&quot;:&quot;errorMsg&quot;},&quot;total&quot;:{&quot;currentValue is &quot;:0,&quot;expectedValue is&quot;:1},&quot;Length&quot;:{&quot;actualLenth&quot;:0,&quot;expectLenth&quot;:1},&quot;pageSize&quot;:{&quot;currentValue is &quot;:0,&quot;expectedValue is&quot;:1},&quot;size&quot;:{&quot;currentValue is &quot;:0,&quot;expectedValue is&quot;:1},&quot;pages&quot;:{&quot;currentValue is &quot;:0,&quot;expectedValue is&quot;:1},&quot;navigateFirstPage&quot;:{&quot;currentValue is &quot;:0,&quot;expectedValue is&quot;:1},&quot;navigateLastPage&quot;:{&quot;currentValue is &quot;:0,&quot;expectedValue is&quot;:1}}]">
      <![CDATA[java.lang.AssertionError: expected [{}] but found [{"errorMsg":{"actualKey":"不存在此errorMsg","expectedKey":"errorMsg"},"total":{"currentValue is ":0,"expectedValue is":1},"Length":{"actualLenth":0,"expectLenth":1},"pageSize":{"currentValue is ":0,"expectedValue is":1},"size":{"currentValue is ":0,"expectedValue is":1},"pages":{"currentValue is ":0,"expectedValue is":1},"navigateFirstPage":{"currentValue is ":0,"expectedValue is":1},"navigateLastPage":{"currentValue is ":0,"expectedValue is":1}}]
at org.testng.Assert.fail(Assert.java:96)
at org.testng.Assert.failNotEquals(Assert.java:776)
at org.testng.Assert.assertEqualsImpl(Assert.java:137)
at org.testng.Assert.assertEquals(Assert.java:118)
at org.testng.Assert.assertEquals(Assert.java:453)
at org.testng.Assert.assertEquals(Assert.java:463)
at com.bitnei.apitest.testcases.saas.UserInforRgisterByExcel.UserInfoRgisterData(UserInforRgisterByExcel.java:70)
at sun.reflect.NativeMethodAccessorImpl.invoke0(Native Method)
at sun.reflect.NativeMethodAccessorImpl.invoke(NativeMethodAccessorImpl.java:62)
at sun.reflect.DelegatingMethodAccessorImpl.invoke(DelegatingMethodAccessorImpl.java:43)
at java.lang.reflect.Method.invoke(Method.java:498)
at org.testng.internal.MethodInvocationHelper.invokeMethod(MethodInvocationHelper.java:124)
at org.testng.internal.Invoker.invokeMethod(Invoker.java:580)
at org.testng.internal.Invoker.invokeTestMethod(Invoker.java:716)
at org.testng.internal.Invoker.invokeTestMethods(Invoker.java:988)
at org.testng.internal.TestMethodWorker.invokeTestMethods(TestMethodWorker.java:125)
at org.testng.internal.TestMethodWorker.run(TestMethodWorker.java:109)
at java.util.concurrent.ThreadPoolExecutor.runWorker(ThreadPoolExecutor.java:1149)
at java.util.concurrent.ThreadPoolExecutor$Worker.run(ThreadPoolExecutor.java:624)
at java.lang.Thread.run(Thread.java:748)
]]>
    </failure>
  </testcase> <!-- UserInfoRgisterData -->
</testsuite> <!-- com.bitnei.apitest.testcases.saas.UserInforRgisterByExcel -->
