<?xml version="1.0" encoding="UTF-8"?>
<!-- Generated by org.testng.reporters.JUnitReportReporter -->
<testsuite skipped="0" hostname="DESKTOP-Q37MKND" name="com.bitnei.apitest.testcases.datasend.ForwardVehicleSelectVehicles" tests="1" failures="1" timestamp="22 二月 2019 09:56:00 GMT" time="1.184" errors="0">
  <testcase name="ForwardVehicleSelect" time="1.184" classname="com.bitnei.apitest.testcases.datasend.ForwardVehicleSelectVehicles">
    <failure type="java.lang.AssertionError" message="expected [{}] but found [{&quot;id&quot;:{&quot;currentValue is &quot;:786457,&quot;expectedValue&quot;:&quot;786457&quot;},&quot;communicationProtocol&quot;:{&quot;currentValue is &quot;:786457,&quot;expectedValue&quot;:&quot;786457&quot;,&quot;actualKey&quot;:&quot;不存在此communicationProtocol&quot;,&quot;expectedKey&quot;:&quot;communicationProtocol&quot;}}]">
      <![CDATA[java.lang.AssertionError: expected [{}] but found [{"id":{"currentValue is ":786457,"expectedValue":"786457"},"communicationProtocol":{"currentValue is ":786457,"expectedValue":"786457","actualKey":"不存在此communicationProtocol","expectedKey":"communicationProtocol"}}]
at org.testng.Assert.fail(Assert.java:96)
at org.testng.Assert.failNotEquals(Assert.java:776)
at org.testng.Assert.assertEqualsImpl(Assert.java:137)
at org.testng.Assert.assertEquals(Assert.java:118)
at org.testng.Assert.assertEquals(Assert.java:453)
at org.testng.Assert.assertEquals(Assert.java:463)
at com.bitnei.apitest.testcases.datasend.ForwardVehicleSelectVehicles.ForwardVehicleSelect(ForwardVehicleSelectVehicles.java:79)
at sun.reflect.NativeMethodAccessorImpl.invoke0(Native Method)
at sun.reflect.NativeMethodAccessorImpl.invoke(NativeMethodAccessorImpl.java:62)
at sun.reflect.DelegatingMethodAccessorImpl.invoke(DelegatingMethodAccessorImpl.java:43)
at java.lang.reflect.Method.invoke(Method.java:498)
at org.testng.internal.MethodInvocationHelper.invokeMethod(MethodInvocationHelper.java:124)
at org.testng.internal.Invoker.invokeMethod(Invoker.java:580)
at org.testng.internal.Invoker.invokeTestMethod(Invoker.java:716)
at org.testng.internal.Invoker.invokeTestMethods(Invoker.java:988)
at org.testng.internal.TestMethodWorker.invokeTestMethods(TestMethodWorker.java:125)
at org.testng.internal.TestMethodWorker.run(TestMethodWorker.java:109)
at java.util.concurrent.ThreadPoolExecutor.runWorker(ThreadPoolExecutor.java:1149)
at java.util.concurrent.ThreadPoolExecutor$Worker.run(ThreadPoolExecutor.java:624)
at java.lang.Thread.run(Thread.java:748)
]]>
    </failure>
  </testcase> <!-- ForwardVehicleSelect -->
</testsuite> <!-- com.bitnei.apitest.testcases.datasend.ForwardVehicleSelectVehicles -->
