<?xml version="1.0" encoding="UTF-8"?>
<!-- Generated by org.testng.reporters.JUnitReportReporter -->
<testsuite skipped="0" hostname="DESKTOP-Q37MKND" name="com.bitnei.apitest.testcases.saas.UserInfoQuery" tests="1" failures="0" timestamp="23 九月 2019 02:53:24 GMT" time="0.188" errors="1">
  <testcase name="UserInfoQueryData" time="0.188" classname="com.bitnei.apitest.testcases.saas.UserInfoQuery">
    <error type="net.sf.json.JSONException" message="A JSONArray text must start with &#039;[&#039; at character 1 of invalid_token: 1d190917-36f6-42cc-9b57-a5dc2920c28f=&gt;/user-center/userInfo/userWithRoles">
      <![CDATA[net.sf.json.JSONException: A JSONArray text must start with '[' at character 1 of invalid_token: 1d190917-36f6-42cc-9b57-a5dc2920c28f=>/user-center/userInfo/userWithRoles
at net.sf.json.util.JSONTokener.syntaxError(JSONTokener.java:499)
at net.sf.json.JSONArray._fromJSONTokener(JSONArray.java:1116)
at net.sf.json.JSONArray._fromString(JSONArray.java:1197)
at net.sf.json.JSONArray.fromObject(JSONArray.java:127)
at net.sf.json.JSONArray.fromObject(JSONArray.java:105)
at com.bitnei.apitest.tool.DiffMethod.diffFormatJson(DiffMethod.java:285)
at com.bitnei.apitest.tool.DiffMethod.diffFormatJson(DiffMethod.java:237)
at com.bitnei.apitest.testcases.saas.UserInfoQuery.UserInfoQueryData(UserInfoQuery.java:85)
at sun.reflect.NativeMethodAccessorImpl.invoke0(Native Method)
at sun.reflect.NativeMethodAccessorImpl.invoke(NativeMethodAccessorImpl.java:62)
at sun.reflect.DelegatingMethodAccessorImpl.invoke(DelegatingMethodAccessorImpl.java:43)
at java.lang.reflect.Method.invoke(Method.java:498)
at org.testng.internal.MethodInvocationHelper.invokeMethod(MethodInvocationHelper.java:124)
at org.testng.internal.Invoker.invokeMethod(Invoker.java:580)
at org.testng.internal.Invoker.invokeTestMethod(Invoker.java:716)
at org.testng.internal.Invoker.invokeTestMethods(Invoker.java:988)
at org.testng.internal.TestMethodWorker.invokeTestMethods(TestMethodWorker.java:125)
at org.testng.internal.TestMethodWorker.run(TestMethodWorker.java:109)
at java.util.concurrent.ThreadPoolExecutor.runWorker(ThreadPoolExecutor.java:1149)
at java.util.concurrent.ThreadPoolExecutor$Worker.run(ThreadPoolExecutor.java:624)
at java.lang.Thread.run(Thread.java:748)
]]>
    </error>
  </testcase> <!-- UserInfoQueryData -->
</testsuite> <!-- com.bitnei.apitest.testcases.saas.UserInfoQuery -->
